The system is: Darwin - 16.0.0 - x86_64
Compiling the Fortran compiler identification source file "CMakeFortranCompilerId.F" succeeded.
Compiler: /usr/local/bin/gfortran 
Build flags: 
Id flags: -v

The output was:
0
Driving: /usr/local/bin/gfortran -v CMakeFortranCompilerId.F -mmacosx-version-min=10.12.0 -l gfortran -shared-libgcc
Using built-in specs.
COLLECT_GCC=/usr/local/bin/gfortran
COLLECT_LTO_WRAPPER=/usr/local/Cellar/gcc@6/6-20160320/bin/../libexec/gcc/x86_64-apple-darwin15.3.0/6.0.0/lto-wrapper
Target: x86_64-apple-darwin15.3.0
Configured with: ../configure --build=x86_64-apple-darwin15.3.0 --prefix=/usr/local/Cellar/gcc6/6-20160320 --libdir=/usr/local/Cellar/gcc6/6-20160320/lib/gcc/6 --enable-languages=c,c++,objc,obj-c++,fortran --program-suffix=-6 --with-gmp=/usr/local/opt/gmp --with-mpfr=/usr/local/opt/mpfr --with-mpc=/usr/local/opt/libmpc --with-isl=/usr/local/opt/isl014 --with-system-zlib --enable-libstdcxx-time=yes --enable-stage1-checking --enable-checking=release --enable-lto --with-build-config=bootstrap-debug --disable-werror --with-pkgversion='Homebrew gcc6 6-20160320' --with-bugurl=https://github.com/Homebrew/homebrew-versions/issues --enable-plugin --disable-nls --enable-multilib
Thread model: posix
gcc version 6.0.0 20160320 (experimental) (Homebrew gcc6 6-20160320) 
COLLECT_GCC_OPTIONS='-v' '-mmacosx-version-min=10.12.0' '-shared-libgcc' '-mtune=core2'
 /usr/local/Cellar/gcc@6/6-20160320/bin/../libexec/gcc/x86_64-apple-darwin15.3.0/6.0.0/f951 CMakeFortranCompilerId.F -ffixed-form -cpp=/var/folders/pj/yck2z_zd3kg53_wr4797fff40000gp/T//ccju0VVB.f90 -quiet -v -iprefix /usr/local/Cellar/gcc@6/6-20160320/bin/../lib/gcc/6/gcc/x86_64-apple-darwin15.3.0/6.0.0/ -D__DYNAMIC__ CMakeFortranCompilerId.F -fPIC -quiet -dumpbase CMakeFortranCompilerId.F -mmacosx-version-min=10.12.0 -mtune=core2 -auxbase CMakeFortranCompilerId -version -fintrinsic-modules-path /usr/local/Cellar/gcc@6/6-20160320/bin/../lib/gcc/6/gcc/x86_64-apple-darwin15.3.0/6.0.0/finclude -o /var/folders/pj/yck2z_zd3kg53_wr4797fff40000gp/T//ccCbCtLO.s
GNU Fortran (Homebrew gcc6 6-20160320) version 6.0.0 20160320 (experimental) (x86_64-apple-darwin15.3.0)
	compiled by GNU C version 6.0.0 20160320 (experimental), GMP version 6.1.0, MPFR version 3.1.3-p2, MPC version 1.0.3, isl version 0.14 or 0.13
warning: GMP header version 6.1.0 differs from library version 6.1.2.
warning: MPFR header version 3.1.3-p2 differs from library version 3.1.5.
GGC heuristics: --param ggc-min-expand=100 --param ggc-min-heapsize=131072
ignoring nonexistent directory "/usr/local/Cellar/gcc@6/6-20160320/bin/../lib/gcc/6/gcc/x86_64-apple-darwin15.3.0/6.0.0/../../../../../../x86_64-apple-darwin15.3.0/include"
ignoring duplicate directory "/usr/local/Cellar/gcc@6/6-20160320/bin/../lib/gcc/6/gcc/../../../../lib/gcc/6/gcc/x86_64-apple-darwin15.3.0/6.0.0/include"
ignoring duplicate directory "/usr/local/Cellar/gcc@6/6-20160320/bin/../lib/gcc/6/gcc/../../../../lib/gcc/6/gcc/x86_64-apple-darwin15.3.0/6.0.0/include-fixed"
ignoring nonexistent directory "/usr/local/Cellar/gcc@6/6-20160320/bin/../lib/gcc/6/gcc/../../../../lib/gcc/6/gcc/x86_64-apple-darwin15.3.0/6.0.0/../../../../../../x86_64-apple-darwin15.3.0/include"
ignoring nonexistent directory "/usr/include"
#include "..." search starts here:
#include <...> search starts here:
 /usr/local/Cellar/gcc@6/6-20160320/bin/../lib/gcc/6/gcc/x86_64-apple-darwin15.3.0/6.0.0/finclude
 /usr/local/Cellar/gcc@6/6-20160320/bin/../lib/gcc/6/gcc/x86_64-apple-darwin15.3.0/6.0.0/include
 /usr/local/Cellar/gcc@6/6-20160320/bin/../lib/gcc/6/gcc/x86_64-apple-darwin15.3.0/6.0.0/include-fixed
 /usr/local/include
 /usr/local/Cellar/gcc@6/6-20160320/bin/../lib/gcc/6/gcc/../../../../include
End of search list.
GNU Fortran2008 (Homebrew gcc6 6-20160320) version 6.0.0 20160320 (experimental) (x86_64-apple-darwin15.3.0)
	compiled by GNU C version 6.0.0 20160320 (experimental), GMP version 6.1.0, MPFR version 3.1.3-p2, MPC version 1.0.3, isl version 0.14 or 0.13
warning: GMP header version 6.1.0 differs from library version 6.1.2.
warning: MPFR header version 3.1.3-p2 differs from library version 3.1.5.
GGC heuristics: --param ggc-min-expand=100 --param ggc-min-heapsize=131072
COLLECT_GCC_OPTIONS='-v' '-mmacosx-version-min=10.12.0' '-shared-libgcc' '-mtune=core2'
 as -arch x86_64 -force_cpusubtype_ALL -o /var/folders/pj/yck2z_zd3kg53_wr4797fff40000gp/T//ccM35Nxg.o /var/folders/pj/yck2z_zd3kg53_wr4797fff40000gp/T//ccCbCtLO.s
Reading specs from /usr/local/Cellar/gcc@6/6-20160320/bin/../lib/gcc/6/gcc/x86_64-apple-darwin15.3.0/6.0.0/../../../libgfortran.spec
rename spec lib to liborig
COLLECT_GCC_OPTIONS='-v' '-mmacosx-version-min=10.12.0' '-shared-libgcc' '-mtune=core2'
COMPILER_PATH=/usr/local/Cellar/gcc@6/6-20160320/bin/../libexec/gcc/x86_64-apple-darwin15.3.0/6.0.0/:/usr/local/Cellar/gcc@6/6-20160320/bin/../libexec/gcc/
LIBRARY_PATH=/usr/local/Cellar/gcc@6/6-20160320/bin/../lib/gcc/6/gcc/x86_64-apple-darwin15.3.0/6.0.0/:/usr/local/Cellar/gcc@6/6-20160320/bin/../lib/gcc/6/gcc/:/usr/local/Cellar/gcc@6/6-20160320/bin/../lib/gcc/6/gcc/x86_64-apple-darwin15.3.0/6.0.0/../../../
COLLECT_GCC_OPTIONS='-v' '-mmacosx-version-min=10.12.0' '-shared-libgcc' '-mtune=core2'
 /usr/local/Cellar/gcc@6/6-20160320/bin/../libexec/gcc/x86_64-apple-darwin15.3.0/6.0.0/collect2 -dynamic -arch x86_64 -macosx_version_min 10.12.0 -weak_reference_mismatches non-weak -o a.out -L/usr/local/Cellar/gcc@6/6-20160320/bin/../lib/gcc/6/gcc/x86_64-apple-darwin15.3.0/6.0.0 -L/usr/local/Cellar/gcc@6/6-20160320/bin/../lib/gcc/6/gcc -L/usr/local/Cellar/gcc@6/6-20160320/bin/../lib/gcc/6/gcc/x86_64-apple-darwin15.3.0/6.0.0/../../.. /var/folders/pj/yck2z_zd3kg53_wr4797fff40000gp/T//ccM35Nxg.o -lgfortran -no_compact_unwind -lSystem -lgcc_ext.10.5 -lgcc -lquadmath -lm -lgcc_ext.10.5 -lgcc -lSystem -v
collect2 version 6.0.0 20160320 (experimental)
/usr/bin/ld -dynamic -arch x86_64 -macosx_version_min 10.12.0 -weak_reference_mismatches non-weak -o a.out -L/usr/local/Cellar/gcc@6/6-20160320/bin/../lib/gcc/6/gcc/x86_64-apple-darwin15.3.0/6.0.0 -L/usr/local/Cellar/gcc@6/6-20160320/bin/../lib/gcc/6/gcc -L/usr/local/Cellar/gcc@6/6-20160320/bin/../lib/gcc/6/gcc/x86_64-apple-darwin15.3.0/6.0.0/../../.. /var/folders/pj/yck2z_zd3kg53_wr4797fff40000gp/T//ccM35Nxg.o -lgfortran -no_compact_unwind -lSystem -lgcc_ext.10.5 -lgcc -lquadmath -lm -lgcc_ext.10.5 -lgcc -lSystem -v
@(#)PROGRAM:ld  PROJECT:ld64-274.2
configured to support archs: armv6 armv7 armv7s arm64 i386 x86_64 x86_64h armv6m armv7k armv7m armv7em (tvOS)
Library search paths:
	/usr/local/Cellar/gcc@6/6-20160320/lib/gcc/6/gcc/x86_64-apple-darwin15.3.0/6.0.0
	/usr/local/Cellar/gcc@6/6-20160320/lib/gcc/6/gcc
	/usr/local/Cellar/gcc@6/6-20160320/lib/gcc/6
	/usr/lib
	/usr/local/lib
Framework search paths:
	/Library/Frameworks/
	/System/Library/Frameworks/
 /usr/bin/nm -n /var/folders/pj/yck2z_zd3kg53_wr4797fff40000gp/T//ccM35Nxg.o


Compilation of the Fortran compiler identification source "CMakeFortranCompilerId.F" produced "a.out"

The Fortran compiler identification is GNU, found in "/Users/carvajal/Dropbox/Maestria/codigos/dft/freeparticle/CMakeFiles/3.5.0/CompilerIdFortran/a.out"

Determining if the Fortran compiler works passed with the following output:
Change Dir: /Users/carvajal/Dropbox/Maestria/codigos/dft/freeparticle/CMakeFiles/CMakeTmp

Run Build Command:"/usr/bin/make" "cmTC_e9eff/fast"
/Applications/Xcode.app/Contents/Developer/usr/bin/make -f CMakeFiles/cmTC_e9eff.dir/build.make CMakeFiles/cmTC_e9eff.dir/build
Building Fortran object CMakeFiles/cmTC_e9eff.dir/testFortranCompiler.f.o
/usr/local/bin/gfortran    -isysroot /Applications/Xcode.app/Contents/Developer/Platforms/MacOSX.platform/Developer/SDKs/MacOSX10.12.sdk   -c /Users/carvajal/Dropbox/Maestria/codigos/dft/freeparticle/CMakeFiles/CMakeTmp/testFortranCompiler.f -o CMakeFiles/cmTC_e9eff.dir/testFortranCompiler.f.o
Linking Fortran executable cmTC_e9eff
/usr/local/Cellar/cmake/3.5.0/bin/cmake -E cmake_link_script CMakeFiles/cmTC_e9eff.dir/link.txt --verbose=1
/usr/local/bin/gfortran       -isysroot /Applications/Xcode.app/Contents/Developer/Platforms/MacOSX.platform/Developer/SDKs/MacOSX10.12.sdk CMakeFiles/cmTC_e9eff.dir/testFortranCompiler.f.o  -o cmTC_e9eff  


Detecting Fortran compiler ABI info compiled with the following output:
Change Dir: /Users/carvajal/Dropbox/Maestria/codigos/dft/freeparticle/CMakeFiles/CMakeTmp

Run Build Command:"/usr/bin/make" "cmTC_4294a/fast"
/Applications/Xcode.app/Contents/Developer/usr/bin/make -f CMakeFiles/cmTC_4294a.dir/build.make CMakeFiles/cmTC_4294a.dir/build
Building Fortran object CMakeFiles/cmTC_4294a.dir/CMakeFortranCompilerABI.F.o
/usr/local/bin/gfortran    -isysroot /Applications/Xcode.app/Contents/Developer/Platforms/MacOSX.platform/Developer/SDKs/MacOSX10.12.sdk   -c /usr/local/Cellar/cmake/3.5.0/share/cmake/Modules/CMakeFortranCompilerABI.F -o CMakeFiles/cmTC_4294a.dir/CMakeFortranCompilerABI.F.o
Linking Fortran executable cmTC_4294a
/usr/local/Cellar/cmake/3.5.0/bin/cmake -E cmake_link_script CMakeFiles/cmTC_4294a.dir/link.txt --verbose=1
/usr/local/bin/gfortran    -v -Wl,-v   -isysroot /Applications/Xcode.app/Contents/Developer/Platforms/MacOSX.platform/Developer/SDKs/MacOSX10.12.sdk CMakeFiles/cmTC_4294a.dir/CMakeFortranCompilerABI.F.o  -o cmTC_4294a   
Driving: /usr/local/bin/gfortran -v -Wl,-v -isysroot /Applications/Xcode.app/Contents/Developer/Platforms/MacOSX.platform/Developer/SDKs/MacOSX10.12.sdk CMakeFiles/cmTC_4294a.dir/CMakeFortranCompilerABI.F.o -o cmTC_4294a -mmacosx-version-min=10.12.0 -l gfortran -shared-libgcc
Using built-in specs.
COLLECT_GCC=/usr/local/bin/gfortran
COLLECT_LTO_WRAPPER=/usr/local/Cellar/gcc@6/6-20160320/bin/../libexec/gcc/x86_64-apple-darwin15.3.0/6.0.0/lto-wrapper
Target: x86_64-apple-darwin15.3.0
Configured with: ../configure --build=x86_64-apple-darwin15.3.0 --prefix=/usr/local/Cellar/gcc6/6-20160320 --libdir=/usr/local/Cellar/gcc6/6-20160320/lib/gcc/6 --enable-languages=c,c++,objc,obj-c++,fortran --program-suffix=-6 --with-gmp=/usr/local/opt/gmp --with-mpfr=/usr/local/opt/mpfr --with-mpc=/usr/local/opt/libmpc --with-isl=/usr/local/opt/isl014 --with-system-zlib --enable-libstdcxx-time=yes --enable-stage1-checking --enable-checking=release --enable-lto --with-build-config=bootstrap-debug --disable-werror --with-pkgversion='Homebrew gcc6 6-20160320' --with-bugurl=https://github.com/Homebrew/homebrew-versions/issues --enable-plugin --disable-nls --enable-multilib
Thread model: posix
gcc version 6.0.0 20160320 (experimental) (Homebrew gcc6 6-20160320) 
Reading specs from /usr/local/Cellar/gcc@6/6-20160320/bin/../lib/gcc/6/gcc/x86_64-apple-darwin15.3.0/6.0.0/../../../libgfortran.spec
rename spec lib to liborig
COLLECT_GCC_OPTIONS='-v' '-isysroot' '/Applications/Xcode.app/Contents/Developer/Platforms/MacOSX.platform/Developer/SDKs/MacOSX10.12.sdk' '-o' 'cmTC_4294a' '-mmacosx-version-min=10.12.0' '-shared-libgcc' '-mtune=core2'
COMPILER_PATH=/usr/local/Cellar/gcc@6/6-20160320/bin/../libexec/gcc/x86_64-apple-darwin15.3.0/6.0.0/:/usr/local/Cellar/gcc@6/6-20160320/bin/../libexec/gcc/
LIBRARY_PATH=/usr/local/Cellar/gcc@6/6-20160320/bin/../lib/gcc/6/gcc/x86_64-apple-darwin15.3.0/6.0.0/:/usr/local/Cellar/gcc@6/6-20160320/bin/../lib/gcc/6/gcc/:/usr/local/Cellar/gcc@6/6-20160320/bin/../lib/gcc/6/gcc/x86_64-apple-darwin15.3.0/6.0.0/../../../
COLLECT_GCC_OPTIONS='-v' '-isysroot' '/Applications/Xcode.app/Contents/Developer/Platforms/MacOSX.platform/Developer/SDKs/MacOSX10.12.sdk' '-o' 'cmTC_4294a' '-mmacosx-version-min=10.12.0' '-shared-libgcc' '-mtune=core2'
 /usr/local/Cellar/gcc@6/6-20160320/bin/../libexec/gcc/x86_64-apple-darwin15.3.0/6.0.0/collect2 -dynamic -arch x86_64 -macosx_version_min 10.12.0 -syslibroot /Applications/Xcode.app/Contents/Developer/Platforms/MacOSX.platform/Developer/SDKs/MacOSX10.12.sdk -weak_reference_mismatches non-weak -o cmTC_4294a -L/usr/local/Cellar/gcc@6/6-20160320/bin/../lib/gcc/6/gcc/x86_64-apple-darwin15.3.0/6.0.0 -L/usr/local/Cellar/gcc@6/6-20160320/bin/../lib/gcc/6/gcc -L/usr/local/Cellar/gcc@6/6-20160320/bin/../lib/gcc/6/gcc/x86_64-apple-darwin15.3.0/6.0.0/../../.. -v CMakeFiles/cmTC_4294a.dir/CMakeFortranCompilerABI.F.o -lgfortran -no_compact_unwind -lSystem -lgcc_ext.10.5 -lgcc -lquadmath -lm -lgcc_ext.10.5 -lgcc -lSystem -v
collect2 version 6.0.0 20160320 (experimental)
/usr/bin/ld -dynamic -arch x86_64 -macosx_version_min 10.12.0 -syslibroot /Applications/Xcode.app/Contents/Developer/Platforms/MacOSX.platform/Developer/SDKs/MacOSX10.12.sdk -weak_reference_mismatches non-weak -o cmTC_4294a -L/usr/local/Cellar/gcc@6/6-20160320/bin/../lib/gcc/6/gcc/x86_64-apple-darwin15.3.0/6.0.0 -L/usr/local/Cellar/gcc@6/6-20160320/bin/../lib/gcc/6/gcc -L/usr/local/Cellar/gcc@6/6-20160320/bin/../lib/gcc/6/gcc/x86_64-apple-darwin15.3.0/6.0.0/../../.. -v CMakeFiles/cmTC_4294a.dir/CMakeFortranCompilerABI.F.o -lgfortran -no_compact_unwind -lSystem -lgcc_ext.10.5 -lgcc -lquadmath -lm -lgcc_ext.10.5 -lgcc -lSystem -v
@(#)PROGRAM:ld  PROJECT:ld64-274.2
configured to support archs: armv6 armv7 armv7s arm64 i386 x86_64 x86_64h armv6m armv7k armv7m armv7em (tvOS)
@(#)PROGRAM:ld  PROJECT:ld64-274.2
configured to support archs: armv6 armv7 armv7s arm64 i386 x86_64 x86_64h armv6m armv7k armv7m armv7em (tvOS)
Library search paths:
	/usr/local/Cellar/gcc@6/6-20160320/lib/gcc/6/gcc/x86_64-apple-darwin15.3.0/6.0.0
	/usr/local/Cellar/gcc@6/6-20160320/lib/gcc/6/gcc
	/usr/local/Cellar/gcc@6/6-20160320/lib/gcc/6
	/Applications/Xcode.app/Contents/Developer/Platforms/MacOSX.platform/Developer/SDKs/MacOSX10.12.sdk/usr/lib
Framework search paths:
	/Applications/Xcode.app/Contents/Developer/Platforms/MacOSX.platform/Developer/SDKs/MacOSX10.12.sdk/System/Library/Frameworks/
 /usr/bin/nm -n CMakeFiles/cmTC_4294a.dir/CMakeFortranCompilerABI.F.o


Parsed Fortran implicit link information from above output:
  link line regex: [^( *|.*[/\])(ld|([^/\]+-)?ld|collect2)[^/\]*( |$)]
  ignore line: [Change Dir: /Users/carvajal/Dropbox/Maestria/codigos/dft/freeparticle/CMakeFiles/CMakeTmp]
  ignore line: []
  ignore line: [Run Build Command:"/usr/bin/make" "cmTC_4294a/fast"]
  ignore line: [/Applications/Xcode.app/Contents/Developer/usr/bin/make -f CMakeFiles/cmTC_4294a.dir/build.make CMakeFiles/cmTC_4294a.dir/build]
  ignore line: [Building Fortran object CMakeFiles/cmTC_4294a.dir/CMakeFortranCompilerABI.F.o]
  ignore line: [/usr/local/bin/gfortran    -isysroot /Applications/Xcode.app/Contents/Developer/Platforms/MacOSX.platform/Developer/SDKs/MacOSX10.12.sdk   -c /usr/local/Cellar/cmake/3.5.0/share/cmake/Modules/CMakeFortranCompilerABI.F -o CMakeFiles/cmTC_4294a.dir/CMakeFortranCompilerABI.F.o]
  ignore line: [Linking Fortran executable cmTC_4294a]
  ignore line: [/usr/local/Cellar/cmake/3.5.0/bin/cmake -E cmake_link_script CMakeFiles/cmTC_4294a.dir/link.txt --verbose=1]
  ignore line: [/usr/local/bin/gfortran    -v -Wl,-v   -isysroot /Applications/Xcode.app/Contents/Developer/Platforms/MacOSX.platform/Developer/SDKs/MacOSX10.12.sdk CMakeFiles/cmTC_4294a.dir/CMakeFortranCompilerABI.F.o  -o cmTC_4294a   ]
  ignore line: [Driving: /usr/local/bin/gfortran -v -Wl,-v -isysroot /Applications/Xcode.app/Contents/Developer/Platforms/MacOSX.platform/Developer/SDKs/MacOSX10.12.sdk CMakeFiles/cmTC_4294a.dir/CMakeFortranCompilerABI.F.o -o cmTC_4294a -mmacosx-version-min=10.12.0 -l gfortran -shared-libgcc]
  ignore line: [Using built-in specs.]
  ignore line: [COLLECT_GCC=/usr/local/bin/gfortran]
  ignore line: [COLLECT_LTO_WRAPPER=/usr/local/Cellar/gcc@6/6-20160320/bin/../libexec/gcc/x86_64-apple-darwin15.3.0/6.0.0/lto-wrapper]
  ignore line: [Target: x86_64-apple-darwin15.3.0]
  ignore line: [Configured with: ../configure --build=x86_64-apple-darwin15.3.0 --prefix=/usr/local/Cellar/gcc6/6-20160320 --libdir=/usr/local/Cellar/gcc6/6-20160320/lib/gcc/6 --enable-languages=c,c++,objc,obj-c++,fortran --program-suffix=-6 --with-gmp=/usr/local/opt/gmp --with-mpfr=/usr/local/opt/mpfr --with-mpc=/usr/local/opt/libmpc --with-isl=/usr/local/opt/isl014 --with-system-zlib --enable-libstdcxx-time=yes --enable-stage1-checking --enable-checking=release --enable-lto --with-build-config=bootstrap-debug --disable-werror --with-pkgversion='Homebrew gcc6 6-20160320' --with-bugurl=https://github.com/Homebrew/homebrew-versions/issues --enable-plugin --disable-nls --enable-multilib]
  ignore line: [Thread model: posix]
  ignore line: [gcc version 6.0.0 20160320 (experimental) (Homebrew gcc6 6-20160320) ]
  ignore line: [Reading specs from /usr/local/Cellar/gcc@6/6-20160320/bin/../lib/gcc/6/gcc/x86_64-apple-darwin15.3.0/6.0.0/../../../libgfortran.spec]
  ignore line: [rename spec lib to liborig]
  ignore line: [COLLECT_GCC_OPTIONS='-v' '-isysroot' '/Applications/Xcode.app/Contents/Developer/Platforms/MacOSX.platform/Developer/SDKs/MacOSX10.12.sdk' '-o' 'cmTC_4294a' '-mmacosx-version-min=10.12.0' '-shared-libgcc' '-mtune=core2']
  ignore line: [COMPILER_PATH=/usr/local/Cellar/gcc@6/6-20160320/bin/../libexec/gcc/x86_64-apple-darwin15.3.0/6.0.0/:/usr/local/Cellar/gcc@6/6-20160320/bin/../libexec/gcc/]
  ignore line: [LIBRARY_PATH=/usr/local/Cellar/gcc@6/6-20160320/bin/../lib/gcc/6/gcc/x86_64-apple-darwin15.3.0/6.0.0/:/usr/local/Cellar/gcc@6/6-20160320/bin/../lib/gcc/6/gcc/:/usr/local/Cellar/gcc@6/6-20160320/bin/../lib/gcc/6/gcc/x86_64-apple-darwin15.3.0/6.0.0/../../../]
  ignore line: [COLLECT_GCC_OPTIONS='-v' '-isysroot' '/Applications/Xcode.app/Contents/Developer/Platforms/MacOSX.platform/Developer/SDKs/MacOSX10.12.sdk' '-o' 'cmTC_4294a' '-mmacosx-version-min=10.12.0' '-shared-libgcc' '-mtune=core2']
  link line: [ /usr/local/Cellar/gcc@6/6-20160320/bin/../libexec/gcc/x86_64-apple-darwin15.3.0/6.0.0/collect2 -dynamic -arch x86_64 -macosx_version_min 10.12.0 -syslibroot /Applications/Xcode.app/Contents/Developer/Platforms/MacOSX.platform/Developer/SDKs/MacOSX10.12.sdk -weak_reference_mismatches non-weak -o cmTC_4294a -L/usr/local/Cellar/gcc@6/6-20160320/bin/../lib/gcc/6/gcc/x86_64-apple-darwin15.3.0/6.0.0 -L/usr/local/Cellar/gcc@6/6-20160320/bin/../lib/gcc/6/gcc -L/usr/local/Cellar/gcc@6/6-20160320/bin/../lib/gcc/6/gcc/x86_64-apple-darwin15.3.0/6.0.0/../../.. -v CMakeFiles/cmTC_4294a.dir/CMakeFortranCompilerABI.F.o -lgfortran -no_compact_unwind -lSystem -lgcc_ext.10.5 -lgcc -lquadmath -lm -lgcc_ext.10.5 -lgcc -lSystem -v]
    arg [/usr/local/Cellar/gcc@6/6-20160320/bin/../libexec/gcc/x86_64-apple-darwin15.3.0/6.0.0/collect2] ==> ignore
    arg [-dynamic] ==> ignore
    arg [-arch] ==> ignore
    arg [x86_64] ==> ignore
    arg [-macosx_version_min] ==> ignore
    arg [10.12.0] ==> ignore
    arg [-syslibroot] ==> ignore
    arg [/Applications/Xcode.app/Contents/Developer/Platforms/MacOSX.platform/Developer/SDKs/MacOSX10.12.sdk] ==> ignore
    arg [-weak_reference_mismatches] ==> ignore
    arg [non-weak] ==> ignore
    arg [-o] ==> ignore
    arg [cmTC_4294a] ==> ignore
    arg [-L/usr/local/Cellar/gcc@6/6-20160320/bin/../lib/gcc/6/gcc/x86_64-apple-darwin15.3.0/6.0.0] ==> dir [/usr/local/Cellar/gcc@6/6-20160320/bin/../lib/gcc/6/gcc/x86_64-apple-darwin15.3.0/6.0.0]
    arg [-L/usr/local/Cellar/gcc@6/6-20160320/bin/../lib/gcc/6/gcc] ==> dir [/usr/local/Cellar/gcc@6/6-20160320/bin/../lib/gcc/6/gcc]
    arg [-L/usr/local/Cellar/gcc@6/6-20160320/bin/../lib/gcc/6/gcc/x86_64-apple-darwin15.3.0/6.0.0/../../..] ==> dir [/usr/local/Cellar/gcc@6/6-20160320/bin/../lib/gcc/6/gcc/x86_64-apple-darwin15.3.0/6.0.0/../../..]
    arg [-v] ==> ignore
    arg [CMakeFiles/cmTC_4294a.dir/CMakeFortranCompilerABI.F.o] ==> ignore
    arg [-lgfortran] ==> lib [gfortran]
    arg [-no_compact_unwind] ==> ignore
    arg [-lSystem] ==> lib [System]
    arg [-lgcc_ext.10.5] ==> lib [gcc_ext.10.5]
    arg [-lgcc] ==> lib [gcc]
    arg [-lquadmath] ==> lib [quadmath]
    arg [-lm] ==> lib [m]
    arg [-lgcc_ext.10.5] ==> lib [gcc_ext.10.5]
    arg [-lgcc] ==> lib [gcc]
    arg [-lSystem] ==> lib [System]
    arg [-v] ==> ignore
  Library search paths: [;/usr/local/Cellar/gcc@6/6-20160320/lib/gcc/6/gcc/x86_64-apple-darwin15.3.0/6.0.0;/usr/local/Cellar/gcc@6/6-20160320/lib/gcc/6/gcc;/usr/local/Cellar/gcc@6/6-20160320/lib/gcc/6;/Applications/Xcode.app/Contents/Developer/Platforms/MacOSX.platform/Developer/SDKs/MacOSX10.12.sdk/usr/lib]
  Framework search paths: [;/Applications/Xcode.app/Contents/Developer/Platforms/MacOSX.platform/Developer/SDKs/MacOSX10.12.sdk/System/Library/Frameworks/]
  remove lib [System]
  remove lib [gcc_ext.10.5]
  remove lib [gcc]
  remove lib [gcc_ext.10.5]
  remove lib [gcc]
  remove lib [System]
  collapse library dir [/usr/local/Cellar/gcc@6/6-20160320/bin/../lib/gcc/6/gcc/x86_64-apple-darwin15.3.0/6.0.0] ==> [/usr/local/Cellar/gcc@6/6-20160320/lib/gcc/6/gcc/x86_64-apple-darwin15.3.0/6.0.0]
  collapse library dir [/usr/local/Cellar/gcc@6/6-20160320/bin/../lib/gcc/6/gcc] ==> [/usr/local/Cellar/gcc@6/6-20160320/lib/gcc/6/gcc]
  collapse library dir [/usr/local/Cellar/gcc@6/6-20160320/bin/../lib/gcc/6/gcc/x86_64-apple-darwin15.3.0/6.0.0/../../..] ==> [/usr/local/Cellar/gcc@6/6-20160320/lib/gcc/6]
  collapse library dir [/usr/local/Cellar/gcc@6/6-20160320/lib/gcc/6/gcc/x86_64-apple-darwin15.3.0/6.0.0] ==> [/usr/local/Cellar/gcc@6/6-20160320/lib/gcc/6/gcc/x86_64-apple-darwin15.3.0/6.0.0]
  collapse library dir [/usr/local/Cellar/gcc@6/6-20160320/lib/gcc/6/gcc] ==> [/usr/local/Cellar/gcc@6/6-20160320/lib/gcc/6/gcc]
  collapse library dir [/usr/local/Cellar/gcc@6/6-20160320/lib/gcc/6] ==> [/usr/local/Cellar/gcc@6/6-20160320/lib/gcc/6]
  collapse library dir [/Applications/Xcode.app/Contents/Developer/Platforms/MacOSX.platform/Developer/SDKs/MacOSX10.12.sdk/usr/lib] ==> [/Applications/Xcode.app/Contents/Developer/Platforms/MacOSX.platform/Developer/SDKs/MacOSX10.12.sdk/usr/lib]
  collapse framework dir [/Applications/Xcode.app/Contents/Developer/Platforms/MacOSX.platform/Developer/SDKs/MacOSX10.12.sdk/System/Library/Frameworks/] ==> [/Applications/Xcode.app/Contents/Developer/Platforms/MacOSX.platform/Developer/SDKs/MacOSX10.12.sdk/System/Library/Frameworks]
  implicit libs: [gfortran;quadmath;m]
  implicit dirs: [/usr/local/Cellar/gcc@6/6-20160320/lib/gcc/6/gcc/x86_64-apple-darwin15.3.0/6.0.0;/usr/local/Cellar/gcc@6/6-20160320/lib/gcc/6/gcc;/usr/local/Cellar/gcc@6/6-20160320/lib/gcc/6;/Applications/Xcode.app/Contents/Developer/Platforms/MacOSX.platform/Developer/SDKs/MacOSX10.12.sdk/usr/lib]
  implicit fwks: [/Applications/Xcode.app/Contents/Developer/Platforms/MacOSX.platform/Developer/SDKs/MacOSX10.12.sdk/System/Library/Frameworks]


Determining if the Fortran compiler supports Fortran 90 passed with the following output:
Change Dir: /Users/carvajal/Dropbox/Maestria/codigos/dft/freeparticle/CMakeFiles/CMakeTmp

Run Build Command:"/usr/bin/make" "cmTC_56d98/fast"
/Applications/Xcode.app/Contents/Developer/usr/bin/make -f CMakeFiles/cmTC_56d98.dir/build.make CMakeFiles/cmTC_56d98.dir/build
Building Fortran object CMakeFiles/cmTC_56d98.dir/testFortranCompilerF90.f90.o
/usr/local/bin/gfortran    -isysroot /Applications/Xcode.app/Contents/Developer/Platforms/MacOSX.platform/Developer/SDKs/MacOSX10.12.sdk   -c /Users/carvajal/Dropbox/Maestria/codigos/dft/freeparticle/CMakeFiles/CMakeTmp/testFortranCompilerF90.f90 -o CMakeFiles/cmTC_56d98.dir/testFortranCompilerF90.f90.o
Linking Fortran executable cmTC_56d98
/usr/local/Cellar/cmake/3.5.0/bin/cmake -E cmake_link_script CMakeFiles/cmTC_56d98.dir/link.txt --verbose=1
/usr/local/bin/gfortran       -isysroot /Applications/Xcode.app/Contents/Developer/Platforms/MacOSX.platform/Developer/SDKs/MacOSX10.12.sdk CMakeFiles/cmTC_56d98.dir/testFortranCompilerF90.f90.o  -o cmTC_56d98  


Compiling the C compiler identification source file "CMakeCCompilerId.c" succeeded.
Compiler: /Applications/Xcode.app/Contents/Developer/Toolchains/XcodeDefault.xctoolchain/usr/bin/cc 
Build flags: 
Id flags: 

The output was:
0


Compilation of the C compiler identification source "CMakeCCompilerId.c" produced "a.out"

The C compiler identification is AppleClang, found in "/Users/carvajal/Dropbox/Maestria/codigos/dft/freeparticle/CMakeFiles/3.5.0/CompilerIdC/a.out"

Compiling the CXX compiler identification source file "CMakeCXXCompilerId.cpp" succeeded.
Compiler: /Applications/Xcode.app/Contents/Developer/Toolchains/XcodeDefault.xctoolchain/usr/bin/c++ 
Build flags: 
Id flags: 

The output was:
0


Compilation of the CXX compiler identification source "CMakeCXXCompilerId.cpp" produced "a.out"

The CXX compiler identification is AppleClang, found in "/Users/carvajal/Dropbox/Maestria/codigos/dft/freeparticle/CMakeFiles/3.5.0/CompilerIdCXX/a.out"

Determining if the C compiler works passed with the following output:
Change Dir: /Users/carvajal/Dropbox/Maestria/codigos/dft/freeparticle/CMakeFiles/CMakeTmp

Run Build Command:"/usr/bin/make" "cmTC_e7517/fast"
/Applications/Xcode.app/Contents/Developer/usr/bin/make -f CMakeFiles/cmTC_e7517.dir/build.make CMakeFiles/cmTC_e7517.dir/build
Building C object CMakeFiles/cmTC_e7517.dir/testCCompiler.c.o
/Applications/Xcode.app/Contents/Developer/Toolchains/XcodeDefault.xctoolchain/usr/bin/cc    -isysroot /Applications/Xcode.app/Contents/Developer/Platforms/MacOSX.platform/Developer/SDKs/MacOSX10.12.sdk   -o CMakeFiles/cmTC_e7517.dir/testCCompiler.c.o   -c /Users/carvajal/Dropbox/Maestria/codigos/dft/freeparticle/CMakeFiles/CMakeTmp/testCCompiler.c
Linking C executable cmTC_e7517
/usr/local/Cellar/cmake/3.5.0/bin/cmake -E cmake_link_script CMakeFiles/cmTC_e7517.dir/link.txt --verbose=1
/Applications/Xcode.app/Contents/Developer/Toolchains/XcodeDefault.xctoolchain/usr/bin/cc    -isysroot /Applications/Xcode.app/Contents/Developer/Platforms/MacOSX.platform/Developer/SDKs/MacOSX10.12.sdk -Wl,-search_paths_first -Wl,-headerpad_max_install_names   CMakeFiles/cmTC_e7517.dir/testCCompiler.c.o  -o cmTC_e7517  


Detecting C compiler ABI info compiled with the following output:
Change Dir: /Users/carvajal/Dropbox/Maestria/codigos/dft/freeparticle/CMakeFiles/CMakeTmp

Run Build Command:"/usr/bin/make" "cmTC_24e25/fast"
/Applications/Xcode.app/Contents/Developer/usr/bin/make -f CMakeFiles/cmTC_24e25.dir/build.make CMakeFiles/cmTC_24e25.dir/build
Building C object CMakeFiles/cmTC_24e25.dir/CMakeCCompilerABI.c.o
/Applications/Xcode.app/Contents/Developer/Toolchains/XcodeDefault.xctoolchain/usr/bin/cc    -isysroot /Applications/Xcode.app/Contents/Developer/Platforms/MacOSX.platform/Developer/SDKs/MacOSX10.12.sdk   -o CMakeFiles/cmTC_24e25.dir/CMakeCCompilerABI.c.o   -c /usr/local/Cellar/cmake/3.5.0/share/cmake/Modules/CMakeCCompilerABI.c
Linking C executable cmTC_24e25
/usr/local/Cellar/cmake/3.5.0/bin/cmake -E cmake_link_script CMakeFiles/cmTC_24e25.dir/link.txt --verbose=1
/Applications/Xcode.app/Contents/Developer/Toolchains/XcodeDefault.xctoolchain/usr/bin/cc    -isysroot /Applications/Xcode.app/Contents/Developer/Platforms/MacOSX.platform/Developer/SDKs/MacOSX10.12.sdk -Wl,-search_paths_first -Wl,-headerpad_max_install_names  -v -Wl,-v CMakeFiles/cmTC_24e25.dir/CMakeCCompilerABI.c.o  -o cmTC_24e25   
Apple LLVM version 8.0.0 (clang-800.0.42.1)
Target: x86_64-apple-darwin16.0.0
Thread model: posix
InstalledDir: /Applications/Xcode.app/Contents/Developer/Toolchains/XcodeDefault.xctoolchain/usr/bin
 "/Applications/Xcode.app/Contents/Developer/Toolchains/XcodeDefault.xctoolchain/usr/bin/ld" -demangle -dynamic -arch x86_64 -macosx_version_min 10.12.0 -syslibroot /Applications/Xcode.app/Contents/Developer/Platforms/MacOSX.platform/Developer/SDKs/MacOSX10.12.sdk -o cmTC_24e25 -search_paths_first -headerpad_max_install_names -v CMakeFiles/cmTC_24e25.dir/CMakeCCompilerABI.c.o -lSystem /Applications/Xcode.app/Contents/Developer/Toolchains/XcodeDefault.xctoolchain/usr/bin/../lib/clang/8.0.0/lib/darwin/libclang_rt.osx.a
@(#)PROGRAM:ld  PROJECT:ld64-274.2
configured to support archs: armv6 armv7 armv7s arm64 i386 x86_64 x86_64h armv6m armv7k armv7m armv7em (tvOS)
Library search paths:
	/Applications/Xcode.app/Contents/Developer/Platforms/MacOSX.platform/Developer/SDKs/MacOSX10.12.sdk/usr/lib
Framework search paths:
	/Applications/Xcode.app/Contents/Developer/Platforms/MacOSX.platform/Developer/SDKs/MacOSX10.12.sdk/System/Library/Frameworks/


Parsed C implicit link information from above output:
  link line regex: [^( *|.*[/\])(ld|([^/\]+-)?ld|collect2)[^/\]*( |$)]
  ignore line: [Change Dir: /Users/carvajal/Dropbox/Maestria/codigos/dft/freeparticle/CMakeFiles/CMakeTmp]
  ignore line: []
  ignore line: [Run Build Command:"/usr/bin/make" "cmTC_24e25/fast"]
  ignore line: [/Applications/Xcode.app/Contents/Developer/usr/bin/make -f CMakeFiles/cmTC_24e25.dir/build.make CMakeFiles/cmTC_24e25.dir/build]
  ignore line: [Building C object CMakeFiles/cmTC_24e25.dir/CMakeCCompilerABI.c.o]
  ignore line: [/Applications/Xcode.app/Contents/Developer/Toolchains/XcodeDefault.xctoolchain/usr/bin/cc    -isysroot /Applications/Xcode.app/Contents/Developer/Platforms/MacOSX.platform/Developer/SDKs/MacOSX10.12.sdk   -o CMakeFiles/cmTC_24e25.dir/CMakeCCompilerABI.c.o   -c /usr/local/Cellar/cmake/3.5.0/share/cmake/Modules/CMakeCCompilerABI.c]
  ignore line: [Linking C executable cmTC_24e25]
  ignore line: [/usr/local/Cellar/cmake/3.5.0/bin/cmake -E cmake_link_script CMakeFiles/cmTC_24e25.dir/link.txt --verbose=1]
  ignore line: [/Applications/Xcode.app/Contents/Developer/Toolchains/XcodeDefault.xctoolchain/usr/bin/cc    -isysroot /Applications/Xcode.app/Contents/Developer/Platforms/MacOSX.platform/Developer/SDKs/MacOSX10.12.sdk -Wl,-search_paths_first -Wl,-headerpad_max_install_names  -v -Wl,-v CMakeFiles/cmTC_24e25.dir/CMakeCCompilerABI.c.o  -o cmTC_24e25   ]
  ignore line: [Apple LLVM version 8.0.0 (clang-800.0.42.1)]
  ignore line: [Target: x86_64-apple-darwin16.0.0]
  ignore line: [Thread model: posix]
  ignore line: [InstalledDir: /Applications/Xcode.app/Contents/Developer/Toolchains/XcodeDefault.xctoolchain/usr/bin]
  link line: [ "/Applications/Xcode.app/Contents/Developer/Toolchains/XcodeDefault.xctoolchain/usr/bin/ld" -demangle -dynamic -arch x86_64 -macosx_version_min 10.12.0 -syslibroot /Applications/Xcode.app/Contents/Developer/Platforms/MacOSX.platform/Developer/SDKs/MacOSX10.12.sdk -o cmTC_24e25 -search_paths_first -headerpad_max_install_names -v CMakeFiles/cmTC_24e25.dir/CMakeCCompilerABI.c.o -lSystem /Applications/Xcode.app/Contents/Developer/Toolchains/XcodeDefault.xctoolchain/usr/bin/../lib/clang/8.0.0/lib/darwin/libclang_rt.osx.a]
    arg [/Applications/Xcode.app/Contents/Developer/Toolchains/XcodeDefault.xctoolchain/usr/bin/ld] ==> ignore
    arg [-demangle] ==> ignore
    arg [-dynamic] ==> ignore
    arg [-arch] ==> ignore
    arg [x86_64] ==> ignore
    arg [-macosx_version_min] ==> ignore
    arg [10.12.0] ==> ignore
    arg [-syslibroot] ==> ignore
    arg [/Applications/Xcode.app/Contents/Developer/Platforms/MacOSX.platform/Developer/SDKs/MacOSX10.12.sdk] ==> ignore
    arg [-o] ==> ignore
    arg [cmTC_24e25] ==> ignore
    arg [-search_paths_first] ==> ignore
    arg [-headerpad_max_install_names] ==> ignore
    arg [-v] ==> ignore
    arg [CMakeFiles/cmTC_24e25.dir/CMakeCCompilerABI.c.o] ==> ignore
    arg [-lSystem] ==> lib [System]
    arg [/Applications/Xcode.app/Contents/Developer/Toolchains/XcodeDefault.xctoolchain/usr/bin/../lib/clang/8.0.0/lib/darwin/libclang_rt.osx.a] ==> lib [/Applications/Xcode.app/Contents/Developer/Toolchains/XcodeDefault.xctoolchain/usr/bin/../lib/clang/8.0.0/lib/darwin/libclang_rt.osx.a]
  Library search paths: [;/Applications/Xcode.app/Contents/Developer/Platforms/MacOSX.platform/Developer/SDKs/MacOSX10.12.sdk/usr/lib]
  Framework search paths: [;/Applications/Xcode.app/Contents/Developer/Platforms/MacOSX.platform/Developer/SDKs/MacOSX10.12.sdk/System/Library/Frameworks/]
  remove lib [System]
  collapse lib [/Applications/Xcode.app/Contents/Developer/Toolchains/XcodeDefault.xctoolchain/usr/bin/../lib/clang/8.0.0/lib/darwin/libclang_rt.osx.a] ==> [/Applications/Xcode.app/Contents/Developer/Toolchains/XcodeDefault.xctoolchain/usr/lib/clang/8.0.0/lib/darwin/libclang_rt.osx.a]
  collapse library dir [/Applications/Xcode.app/Contents/Developer/Platforms/MacOSX.platform/Developer/SDKs/MacOSX10.12.sdk/usr/lib] ==> [/Applications/Xcode.app/Contents/Developer/Platforms/MacOSX.platform/Developer/SDKs/MacOSX10.12.sdk/usr/lib]
  collapse framework dir [/Applications/Xcode.app/Contents/Developer/Platforms/MacOSX.platform/Developer/SDKs/MacOSX10.12.sdk/System/Library/Frameworks/] ==> [/Applications/Xcode.app/Contents/Developer/Platforms/MacOSX.platform/Developer/SDKs/MacOSX10.12.sdk/System/Library/Frameworks]
  implicit libs: [/Applications/Xcode.app/Contents/Developer/Toolchains/XcodeDefault.xctoolchain/usr/lib/clang/8.0.0/lib/darwin/libclang_rt.osx.a]
  implicit dirs: [/Applications/Xcode.app/Contents/Developer/Platforms/MacOSX.platform/Developer/SDKs/MacOSX10.12.sdk/usr/lib]
  implicit fwks: [/Applications/Xcode.app/Contents/Developer/Platforms/MacOSX.platform/Developer/SDKs/MacOSX10.12.sdk/System/Library/Frameworks]




Detecting C [-std=c11] compiler features compiled with the following output:
Change Dir: /Users/carvajal/Dropbox/Maestria/codigos/dft/freeparticle/CMakeFiles/CMakeTmp

Run Build Command:"/usr/bin/make" "cmTC_4e93f/fast"
/Applications/Xcode.app/Contents/Developer/usr/bin/make -f CMakeFiles/cmTC_4e93f.dir/build.make CMakeFiles/cmTC_4e93f.dir/build
Building C object CMakeFiles/cmTC_4e93f.dir/feature_tests.c.o
/Applications/Xcode.app/Contents/Developer/Toolchains/XcodeDefault.xctoolchain/usr/bin/cc    -isysroot /Applications/Xcode.app/Contents/Developer/Platforms/MacOSX.platform/Developer/SDKs/MacOSX10.12.sdk   -std=c11 -o CMakeFiles/cmTC_4e93f.dir/feature_tests.c.o   -c /Users/carvajal/Dropbox/Maestria/codigos/dft/freeparticle/CMakeFiles/feature_tests.c
Linking C executable cmTC_4e93f
/usr/local/Cellar/cmake/3.5.0/bin/cmake -E cmake_link_script CMakeFiles/cmTC_4e93f.dir/link.txt --verbose=1
/Applications/Xcode.app/Contents/Developer/Toolchains/XcodeDefault.xctoolchain/usr/bin/cc    -isysroot /Applications/Xcode.app/Contents/Developer/Platforms/MacOSX.platform/Developer/SDKs/MacOSX10.12.sdk -Wl,-search_paths_first -Wl,-headerpad_max_install_names   CMakeFiles/cmTC_4e93f.dir/feature_tests.c.o  -o cmTC_4e93f  


    Feature record: C_FEATURE:1c_function_prototypes
    Feature record: C_FEATURE:1c_restrict
    Feature record: C_FEATURE:1c_static_assert
    Feature record: C_FEATURE:1c_variadic_macros


Detecting C [-std=c99] compiler features compiled with the following output:
Change Dir: /Users/carvajal/Dropbox/Maestria/codigos/dft/freeparticle/CMakeFiles/CMakeTmp

Run Build Command:"/usr/bin/make" "cmTC_6ad0b/fast"
/Applications/Xcode.app/Contents/Developer/usr/bin/make -f CMakeFiles/cmTC_6ad0b.dir/build.make CMakeFiles/cmTC_6ad0b.dir/build
Building C object CMakeFiles/cmTC_6ad0b.dir/feature_tests.c.o
/Applications/Xcode.app/Contents/Developer/Toolchains/XcodeDefault.xctoolchain/usr/bin/cc    -isysroot /Applications/Xcode.app/Contents/Developer/Platforms/MacOSX.platform/Developer/SDKs/MacOSX10.12.sdk   -std=c99 -o CMakeFiles/cmTC_6ad0b.dir/feature_tests.c.o   -c /Users/carvajal/Dropbox/Maestria/codigos/dft/freeparticle/CMakeFiles/feature_tests.c
Linking C executable cmTC_6ad0b
/usr/local/Cellar/cmake/3.5.0/bin/cmake -E cmake_link_script CMakeFiles/cmTC_6ad0b.dir/link.txt --verbose=1
/Applications/Xcode.app/Contents/Developer/Toolchains/XcodeDefault.xctoolchain/usr/bin/cc    -isysroot /Applications/Xcode.app/Contents/Developer/Platforms/MacOSX.platform/Developer/SDKs/MacOSX10.12.sdk -Wl,-search_paths_first -Wl,-headerpad_max_install_names   CMakeFiles/cmTC_6ad0b.dir/feature_tests.c.o  -o cmTC_6ad0b  


    Feature record: C_FEATURE:1c_function_prototypes
    Feature record: C_FEATURE:1c_restrict
    Feature record: C_FEATURE:0c_static_assert
    Feature record: C_FEATURE:1c_variadic_macros


Detecting C [-std=c90] compiler features compiled with the following output:
Change Dir: /Users/carvajal/Dropbox/Maestria/codigos/dft/freeparticle/CMakeFiles/CMakeTmp

Run Build Command:"/usr/bin/make" "cmTC_0324e/fast"
/Applications/Xcode.app/Contents/Developer/usr/bin/make -f CMakeFiles/cmTC_0324e.dir/build.make CMakeFiles/cmTC_0324e.dir/build
Building C object CMakeFiles/cmTC_0324e.dir/feature_tests.c.o
/Applications/Xcode.app/Contents/Developer/Toolchains/XcodeDefault.xctoolchain/usr/bin/cc    -isysroot /Applications/Xcode.app/Contents/Developer/Platforms/MacOSX.platform/Developer/SDKs/MacOSX10.12.sdk   -std=c90 -o CMakeFiles/cmTC_0324e.dir/feature_tests.c.o   -c /Users/carvajal/Dropbox/Maestria/codigos/dft/freeparticle/CMakeFiles/feature_tests.c
Linking C executable cmTC_0324e
/usr/local/Cellar/cmake/3.5.0/bin/cmake -E cmake_link_script CMakeFiles/cmTC_0324e.dir/link.txt --verbose=1
/Applications/Xcode.app/Contents/Developer/Toolchains/XcodeDefault.xctoolchain/usr/bin/cc    -isysroot /Applications/Xcode.app/Contents/Developer/Platforms/MacOSX.platform/Developer/SDKs/MacOSX10.12.sdk -Wl,-search_paths_first -Wl,-headerpad_max_install_names   CMakeFiles/cmTC_0324e.dir/feature_tests.c.o  -o cmTC_0324e  


    Feature record: C_FEATURE:1c_function_prototypes
    Feature record: C_FEATURE:0c_restrict
    Feature record: C_FEATURE:0c_static_assert
    Feature record: C_FEATURE:0c_variadic_macros
Determining if the CXX compiler works passed with the following output:
Change Dir: /Users/carvajal/Dropbox/Maestria/codigos/dft/freeparticle/CMakeFiles/CMakeTmp

Run Build Command:"/usr/bin/make" "cmTC_6c496/fast"
/Applications/Xcode.app/Contents/Developer/usr/bin/make -f CMakeFiles/cmTC_6c496.dir/build.make CMakeFiles/cmTC_6c496.dir/build
Building CXX object CMakeFiles/cmTC_6c496.dir/testCXXCompiler.cxx.o
/Applications/Xcode.app/Contents/Developer/Toolchains/XcodeDefault.xctoolchain/usr/bin/c++     -isysroot /Applications/Xcode.app/Contents/Developer/Platforms/MacOSX.platform/Developer/SDKs/MacOSX10.12.sdk   -o CMakeFiles/cmTC_6c496.dir/testCXXCompiler.cxx.o -c /Users/carvajal/Dropbox/Maestria/codigos/dft/freeparticle/CMakeFiles/CMakeTmp/testCXXCompiler.cxx
Linking CXX executable cmTC_6c496
/usr/local/Cellar/cmake/3.5.0/bin/cmake -E cmake_link_script CMakeFiles/cmTC_6c496.dir/link.txt --verbose=1
/Applications/Xcode.app/Contents/Developer/Toolchains/XcodeDefault.xctoolchain/usr/bin/c++     -isysroot /Applications/Xcode.app/Contents/Developer/Platforms/MacOSX.platform/Developer/SDKs/MacOSX10.12.sdk -Wl,-search_paths_first -Wl,-headerpad_max_install_names   CMakeFiles/cmTC_6c496.dir/testCXXCompiler.cxx.o  -o cmTC_6c496  


Detecting CXX compiler ABI info compiled with the following output:
Change Dir: /Users/carvajal/Dropbox/Maestria/codigos/dft/freeparticle/CMakeFiles/CMakeTmp

Run Build Command:"/usr/bin/make" "cmTC_0a33f/fast"
/Applications/Xcode.app/Contents/Developer/usr/bin/make -f CMakeFiles/cmTC_0a33f.dir/build.make CMakeFiles/cmTC_0a33f.dir/build
Building CXX object CMakeFiles/cmTC_0a33f.dir/CMakeCXXCompilerABI.cpp.o
/Applications/Xcode.app/Contents/Developer/Toolchains/XcodeDefault.xctoolchain/usr/bin/c++     -isysroot /Applications/Xcode.app/Contents/Developer/Platforms/MacOSX.platform/Developer/SDKs/MacOSX10.12.sdk   -o CMakeFiles/cmTC_0a33f.dir/CMakeCXXCompilerABI.cpp.o -c /usr/local/Cellar/cmake/3.5.0/share/cmake/Modules/CMakeCXXCompilerABI.cpp
Linking CXX executable cmTC_0a33f
/usr/local/Cellar/cmake/3.5.0/bin/cmake -E cmake_link_script CMakeFiles/cmTC_0a33f.dir/link.txt --verbose=1
/Applications/Xcode.app/Contents/Developer/Toolchains/XcodeDefault.xctoolchain/usr/bin/c++     -isysroot /Applications/Xcode.app/Contents/Developer/Platforms/MacOSX.platform/Developer/SDKs/MacOSX10.12.sdk -Wl,-search_paths_first -Wl,-headerpad_max_install_names  -v -Wl,-v CMakeFiles/cmTC_0a33f.dir/CMakeCXXCompilerABI.cpp.o  -o cmTC_0a33f   
Apple LLVM version 8.0.0 (clang-800.0.42.1)
Target: x86_64-apple-darwin16.0.0
Thread model: posix
InstalledDir: /Applications/Xcode.app/Contents/Developer/Toolchains/XcodeDefault.xctoolchain/usr/bin
 "/Applications/Xcode.app/Contents/Developer/Toolchains/XcodeDefault.xctoolchain/usr/bin/ld" -demangle -dynamic -arch x86_64 -macosx_version_min 10.12.0 -syslibroot /Applications/Xcode.app/Contents/Developer/Platforms/MacOSX.platform/Developer/SDKs/MacOSX10.12.sdk -o cmTC_0a33f -search_paths_first -headerpad_max_install_names -v CMakeFiles/cmTC_0a33f.dir/CMakeCXXCompilerABI.cpp.o -lc++ -lSystem /Applications/Xcode.app/Contents/Developer/Toolchains/XcodeDefault.xctoolchain/usr/bin/../lib/clang/8.0.0/lib/darwin/libclang_rt.osx.a
@(#)PROGRAM:ld  PROJECT:ld64-274.2
configured to support archs: armv6 armv7 armv7s arm64 i386 x86_64 x86_64h armv6m armv7k armv7m armv7em (tvOS)
Library search paths:
	/Applications/Xcode.app/Contents/Developer/Platforms/MacOSX.platform/Developer/SDKs/MacOSX10.12.sdk/usr/lib
Framework search paths:
	/Applications/Xcode.app/Contents/Developer/Platforms/MacOSX.platform/Developer/SDKs/MacOSX10.12.sdk/System/Library/Frameworks/


Parsed CXX implicit link information from above output:
  link line regex: [^( *|.*[/\])(ld|([^/\]+-)?ld|collect2)[^/\]*( |$)]
  ignore line: [Change Dir: /Users/carvajal/Dropbox/Maestria/codigos/dft/freeparticle/CMakeFiles/CMakeTmp]
  ignore line: []
  ignore line: [Run Build Command:"/usr/bin/make" "cmTC_0a33f/fast"]
  ignore line: [/Applications/Xcode.app/Contents/Developer/usr/bin/make -f CMakeFiles/cmTC_0a33f.dir/build.make CMakeFiles/cmTC_0a33f.dir/build]
  ignore line: [Building CXX object CMakeFiles/cmTC_0a33f.dir/CMakeCXXCompilerABI.cpp.o]
  ignore line: [/Applications/Xcode.app/Contents/Developer/Toolchains/XcodeDefault.xctoolchain/usr/bin/c++     -isysroot /Applications/Xcode.app/Contents/Developer/Platforms/MacOSX.platform/Developer/SDKs/MacOSX10.12.sdk   -o CMakeFiles/cmTC_0a33f.dir/CMakeCXXCompilerABI.cpp.o -c /usr/local/Cellar/cmake/3.5.0/share/cmake/Modules/CMakeCXXCompilerABI.cpp]
  ignore line: [Linking CXX executable cmTC_0a33f]
  ignore line: [/usr/local/Cellar/cmake/3.5.0/bin/cmake -E cmake_link_script CMakeFiles/cmTC_0a33f.dir/link.txt --verbose=1]
  ignore line: [/Applications/Xcode.app/Contents/Developer/Toolchains/XcodeDefault.xctoolchain/usr/bin/c++     -isysroot /Applications/Xcode.app/Contents/Developer/Platforms/MacOSX.platform/Developer/SDKs/MacOSX10.12.sdk -Wl,-search_paths_first -Wl,-headerpad_max_install_names  -v -Wl,-v CMakeFiles/cmTC_0a33f.dir/CMakeCXXCompilerABI.cpp.o  -o cmTC_0a33f   ]
  ignore line: [Apple LLVM version 8.0.0 (clang-800.0.42.1)]
  ignore line: [Target: x86_64-apple-darwin16.0.0]
  ignore line: [Thread model: posix]
  ignore line: [InstalledDir: /Applications/Xcode.app/Contents/Developer/Toolchains/XcodeDefault.xctoolchain/usr/bin]
  link line: [ "/Applications/Xcode.app/Contents/Developer/Toolchains/XcodeDefault.xctoolchain/usr/bin/ld" -demangle -dynamic -arch x86_64 -macosx_version_min 10.12.0 -syslibroot /Applications/Xcode.app/Contents/Developer/Platforms/MacOSX.platform/Developer/SDKs/MacOSX10.12.sdk -o cmTC_0a33f -search_paths_first -headerpad_max_install_names -v CMakeFiles/cmTC_0a33f.dir/CMakeCXXCompilerABI.cpp.o -lc++ -lSystem /Applications/Xcode.app/Contents/Developer/Toolchains/XcodeDefault.xctoolchain/usr/bin/../lib/clang/8.0.0/lib/darwin/libclang_rt.osx.a]
    arg [/Applications/Xcode.app/Contents/Developer/Toolchains/XcodeDefault.xctoolchain/usr/bin/ld] ==> ignore
    arg [-demangle] ==> ignore
    arg [-dynamic] ==> ignore
    arg [-arch] ==> ignore
    arg [x86_64] ==> ignore
    arg [-macosx_version_min] ==> ignore
    arg [10.12.0] ==> ignore
    arg [-syslibroot] ==> ignore
    arg [/Applications/Xcode.app/Contents/Developer/Platforms/MacOSX.platform/Developer/SDKs/MacOSX10.12.sdk] ==> ignore
    arg [-o] ==> ignore
    arg [cmTC_0a33f] ==> ignore
    arg [-search_paths_first] ==> ignore
    arg [-headerpad_max_install_names] ==> ignore
    arg [-v] ==> ignore
    arg [CMakeFiles/cmTC_0a33f.dir/CMakeCXXCompilerABI.cpp.o] ==> ignore
    arg [-lc++] ==> lib [c++]
    arg [-lSystem] ==> lib [System]
    arg [/Applications/Xcode.app/Contents/Developer/Toolchains/XcodeDefault.xctoolchain/usr/bin/../lib/clang/8.0.0/lib/darwin/libclang_rt.osx.a] ==> lib [/Applications/Xcode.app/Contents/Developer/Toolchains/XcodeDefault.xctoolchain/usr/bin/../lib/clang/8.0.0/lib/darwin/libclang_rt.osx.a]
  Library search paths: [;/Applications/Xcode.app/Contents/Developer/Platforms/MacOSX.platform/Developer/SDKs/MacOSX10.12.sdk/usr/lib]
  Framework search paths: [;/Applications/Xcode.app/Contents/Developer/Platforms/MacOSX.platform/Developer/SDKs/MacOSX10.12.sdk/System/Library/Frameworks/]
  remove lib [System]
  collapse lib [/Applications/Xcode.app/Contents/Developer/Toolchains/XcodeDefault.xctoolchain/usr/bin/../lib/clang/8.0.0/lib/darwin/libclang_rt.osx.a] ==> [/Applications/Xcode.app/Contents/Developer/Toolchains/XcodeDefault.xctoolchain/usr/lib/clang/8.0.0/lib/darwin/libclang_rt.osx.a]
  collapse library dir [/Applications/Xcode.app/Contents/Developer/Platforms/MacOSX.platform/Developer/SDKs/MacOSX10.12.sdk/usr/lib] ==> [/Applications/Xcode.app/Contents/Developer/Platforms/MacOSX.platform/Developer/SDKs/MacOSX10.12.sdk/usr/lib]
  collapse framework dir [/Applications/Xcode.app/Contents/Developer/Platforms/MacOSX.platform/Developer/SDKs/MacOSX10.12.sdk/System/Library/Frameworks/] ==> [/Applications/Xcode.app/Contents/Developer/Platforms/MacOSX.platform/Developer/SDKs/MacOSX10.12.sdk/System/Library/Frameworks]
  implicit libs: [c++;/Applications/Xcode.app/Contents/Developer/Toolchains/XcodeDefault.xctoolchain/usr/lib/clang/8.0.0/lib/darwin/libclang_rt.osx.a]
  implicit dirs: [/Applications/Xcode.app/Contents/Developer/Platforms/MacOSX.platform/Developer/SDKs/MacOSX10.12.sdk/usr/lib]
  implicit fwks: [/Applications/Xcode.app/Contents/Developer/Platforms/MacOSX.platform/Developer/SDKs/MacOSX10.12.sdk/System/Library/Frameworks]




Detecting CXX [-std=c++14] compiler features compiled with the following output:
Change Dir: /Users/carvajal/Dropbox/Maestria/codigos/dft/freeparticle/CMakeFiles/CMakeTmp

Run Build Command:"/usr/bin/make" "cmTC_81c06/fast"
/Applications/Xcode.app/Contents/Developer/usr/bin/make -f CMakeFiles/cmTC_81c06.dir/build.make CMakeFiles/cmTC_81c06.dir/build
Building CXX object CMakeFiles/cmTC_81c06.dir/feature_tests.cxx.o
/Applications/Xcode.app/Contents/Developer/Toolchains/XcodeDefault.xctoolchain/usr/bin/c++     -isysroot /Applications/Xcode.app/Contents/Developer/Platforms/MacOSX.platform/Developer/SDKs/MacOSX10.12.sdk   -std=c++14 -o CMakeFiles/cmTC_81c06.dir/feature_tests.cxx.o -c /Users/carvajal/Dropbox/Maestria/codigos/dft/freeparticle/CMakeFiles/feature_tests.cxx
Linking CXX executable cmTC_81c06
/usr/local/Cellar/cmake/3.5.0/bin/cmake -E cmake_link_script CMakeFiles/cmTC_81c06.dir/link.txt --verbose=1
/Applications/Xcode.app/Contents/Developer/Toolchains/XcodeDefault.xctoolchain/usr/bin/c++     -isysroot /Applications/Xcode.app/Contents/Developer/Platforms/MacOSX.platform/Developer/SDKs/MacOSX10.12.sdk -Wl,-search_paths_first -Wl,-headerpad_max_install_names   CMakeFiles/cmTC_81c06.dir/feature_tests.cxx.o  -o cmTC_81c06  


    Feature record: CXX_FEATURE:1cxx_aggregate_default_initializers
    Feature record: CXX_FEATURE:1cxx_alias_templates
    Feature record: CXX_FEATURE:1cxx_alignas
    Feature record: CXX_FEATURE:1cxx_alignof
    Feature record: CXX_FEATURE:1cxx_attributes
    Feature record: CXX_FEATURE:1cxx_attribute_deprecated
    Feature record: CXX_FEATURE:1cxx_auto_type
    Feature record: CXX_FEATURE:1cxx_binary_literals
    Feature record: CXX_FEATURE:1cxx_constexpr
    Feature record: CXX_FEATURE:1cxx_contextual_conversions
    Feature record: CXX_FEATURE:1cxx_decltype
    Feature record: CXX_FEATURE:1cxx_decltype_auto
    Feature record: CXX_FEATURE:1cxx_decltype_incomplete_return_types
    Feature record: CXX_FEATURE:1cxx_default_function_template_args
    Feature record: CXX_FEATURE:1cxx_defaulted_functions
    Feature record: CXX_FEATURE:1cxx_defaulted_move_initializers
    Feature record: CXX_FEATURE:1cxx_delegating_constructors
    Feature record: CXX_FEATURE:1cxx_deleted_functions
    Feature record: CXX_FEATURE:1cxx_digit_separators
    Feature record: CXX_FEATURE:1cxx_enum_forward_declarations
    Feature record: CXX_FEATURE:1cxx_explicit_conversions
    Feature record: CXX_FEATURE:1cxx_extended_friend_declarations
    Feature record: CXX_FEATURE:1cxx_extern_templates
    Feature record: CXX_FEATURE:1cxx_final
    Feature record: CXX_FEATURE:1cxx_func_identifier
    Feature record: CXX_FEATURE:1cxx_generalized_initializers
    Feature record: CXX_FEATURE:1cxx_generic_lambdas
    Feature record: CXX_FEATURE:1cxx_inheriting_constructors
    Feature record: CXX_FEATURE:1cxx_inline_namespaces
    Feature record: CXX_FEATURE:1cxx_lambdas
    Feature record: CXX_FEATURE:1cxx_lambda_init_captures
    Feature record: CXX_FEATURE:1cxx_local_type_template_args
    Feature record: CXX_FEATURE:1cxx_long_long_type
    Feature record: CXX_FEATURE:1cxx_noexcept
    Feature record: CXX_FEATURE:1cxx_nonstatic_member_init
    Feature record: CXX_FEATURE:1cxx_nullptr
    Feature record: CXX_FEATURE:1cxx_override
    Feature record: CXX_FEATURE:1cxx_range_for
    Feature record: CXX_FEATURE:1cxx_raw_string_literals
    Feature record: CXX_FEATURE:1cxx_reference_qualified_functions
    Feature record: CXX_FEATURE:1cxx_relaxed_constexpr
    Feature record: CXX_FEATURE:1cxx_return_type_deduction
    Feature record: CXX_FEATURE:1cxx_right_angle_brackets
    Feature record: CXX_FEATURE:1cxx_rvalue_references
    Feature record: CXX_FEATURE:1cxx_sizeof_member
    Feature record: CXX_FEATURE:1cxx_static_assert
    Feature record: CXX_FEATURE:1cxx_strong_enums
    Feature record: CXX_FEATURE:1cxx_template_template_parameters
    Feature record: CXX_FEATURE:1cxx_thread_local
    Feature record: CXX_FEATURE:1cxx_trailing_return_types
    Feature record: CXX_FEATURE:1cxx_unicode_literals
    Feature record: CXX_FEATURE:1cxx_uniform_initialization
    Feature record: CXX_FEATURE:1cxx_unrestricted_unions
    Feature record: CXX_FEATURE:1cxx_user_literals
    Feature record: CXX_FEATURE:1cxx_variable_templates
    Feature record: CXX_FEATURE:1cxx_variadic_macros
    Feature record: CXX_FEATURE:1cxx_variadic_templates


Detecting CXX [-std=c++11] compiler features compiled with the following output:
Change Dir: /Users/carvajal/Dropbox/Maestria/codigos/dft/freeparticle/CMakeFiles/CMakeTmp

Run Build Command:"/usr/bin/make" "cmTC_d1f25/fast"
/Applications/Xcode.app/Contents/Developer/usr/bin/make -f CMakeFiles/cmTC_d1f25.dir/build.make CMakeFiles/cmTC_d1f25.dir/build
Building CXX object CMakeFiles/cmTC_d1f25.dir/feature_tests.cxx.o
/Applications/Xcode.app/Contents/Developer/Toolchains/XcodeDefault.xctoolchain/usr/bin/c++     -isysroot /Applications/Xcode.app/Contents/Developer/Platforms/MacOSX.platform/Developer/SDKs/MacOSX10.12.sdk   -std=c++11 -o CMakeFiles/cmTC_d1f25.dir/feature_tests.cxx.o -c /Users/carvajal/Dropbox/Maestria/codigos/dft/freeparticle/CMakeFiles/feature_tests.cxx
Linking CXX executable cmTC_d1f25
/usr/local/Cellar/cmake/3.5.0/bin/cmake -E cmake_link_script CMakeFiles/cmTC_d1f25.dir/link.txt --verbose=1
/Applications/Xcode.app/Contents/Developer/Toolchains/XcodeDefault.xctoolchain/usr/bin/c++     -isysroot /Applications/Xcode.app/Contents/Developer/Platforms/MacOSX.platform/Developer/SDKs/MacOSX10.12.sdk -Wl,-search_paths_first -Wl,-headerpad_max_install_names   CMakeFiles/cmTC_d1f25.dir/feature_tests.cxx.o  -o cmTC_d1f25  


    Feature record: CXX_FEATURE:0cxx_aggregate_default_initializers
    Feature record: CXX_FEATURE:1cxx_alias_templates
    Feature record: CXX_FEATURE:1cxx_alignas
    Feature record: CXX_FEATURE:1cxx_alignof
    Feature record: CXX_FEATURE:1cxx_attributes
    Feature record: CXX_FEATURE:0cxx_attribute_deprecated
    Feature record: CXX_FEATURE:1cxx_auto_type
    Feature record: CXX_FEATURE:0cxx_binary_literals
    Feature record: CXX_FEATURE:1cxx_constexpr
    Feature record: CXX_FEATURE:0cxx_contextual_conversions
    Feature record: CXX_FEATURE:1cxx_decltype
    Feature record: CXX_FEATURE:0cxx_decltype_auto
    Feature record: CXX_FEATURE:1cxx_decltype_incomplete_return_types
    Feature record: CXX_FEATURE:1cxx_default_function_template_args
    Feature record: CXX_FEATURE:1cxx_defaulted_functions
    Feature record: CXX_FEATURE:1cxx_defaulted_move_initializers
    Feature record: CXX_FEATURE:1cxx_delegating_constructors
    Feature record: CXX_FEATURE:1cxx_deleted_functions
    Feature record: CXX_FEATURE:0cxx_digit_separators
    Feature record: CXX_FEATURE:1cxx_enum_forward_declarations
    Feature record: CXX_FEATURE:1cxx_explicit_conversions
    Feature record: CXX_FEATURE:1cxx_extended_friend_declarations
    Feature record: CXX_FEATURE:1cxx_extern_templates
    Feature record: CXX_FEATURE:1cxx_final
    Feature record: CXX_FEATURE:1cxx_func_identifier
    Feature record: CXX_FEATURE:1cxx_generalized_initializers
    Feature record: CXX_FEATURE:0cxx_generic_lambdas
    Feature record: CXX_FEATURE:1cxx_inheriting_constructors
    Feature record: CXX_FEATURE:1cxx_inline_namespaces
    Feature record: CXX_FEATURE:1cxx_lambdas
    Feature record: CXX_FEATURE:0cxx_lambda_init_captures
    Feature record: CXX_FEATURE:1cxx_local_type_template_args
    Feature record: CXX_FEATURE:1cxx_long_long_type
    Feature record: CXX_FEATURE:1cxx_noexcept
    Feature record: CXX_FEATURE:1cxx_nonstatic_member_init
    Feature record: CXX_FEATURE:1cxx_nullptr
    Feature record: CXX_FEATURE:1cxx_override
    Feature record: CXX_FEATURE:1cxx_range_for
    Feature record: CXX_FEATURE:1cxx_raw_string_literals
    Feature record: CXX_FEATURE:1cxx_reference_qualified_functions
    Feature record: CXX_FEATURE:0cxx_relaxed_constexpr
    Feature record: CXX_FEATURE:0cxx_return_type_deduction
    Feature record: CXX_FEATURE:1cxx_right_angle_brackets
    Feature record: CXX_FEATURE:1cxx_rvalue_references
    Feature record: CXX_FEATURE:1cxx_sizeof_member
    Feature record: CXX_FEATURE:1cxx_static_assert
    Feature record: CXX_FEATURE:1cxx_strong_enums
    Feature record: CXX_FEATURE:1cxx_template_template_parameters
    Feature record: CXX_FEATURE:1cxx_thread_local
    Feature record: CXX_FEATURE:1cxx_trailing_return_types
    Feature record: CXX_FEATURE:1cxx_unicode_literals
    Feature record: CXX_FEATURE:1cxx_uniform_initialization
    Feature record: CXX_FEATURE:1cxx_unrestricted_unions
    Feature record: CXX_FEATURE:1cxx_user_literals
    Feature record: CXX_FEATURE:0cxx_variable_templates
    Feature record: CXX_FEATURE:1cxx_variadic_macros
    Feature record: CXX_FEATURE:1cxx_variadic_templates


Detecting CXX [-std=c++98] compiler features compiled with the following output:
Change Dir: /Users/carvajal/Dropbox/Maestria/codigos/dft/freeparticle/CMakeFiles/CMakeTmp

Run Build Command:"/usr/bin/make" "cmTC_e7e84/fast"
/Applications/Xcode.app/Contents/Developer/usr/bin/make -f CMakeFiles/cmTC_e7e84.dir/build.make CMakeFiles/cmTC_e7e84.dir/build
Building CXX object CMakeFiles/cmTC_e7e84.dir/feature_tests.cxx.o
/Applications/Xcode.app/Contents/Developer/Toolchains/XcodeDefault.xctoolchain/usr/bin/c++     -isysroot /Applications/Xcode.app/Contents/Developer/Platforms/MacOSX.platform/Developer/SDKs/MacOSX10.12.sdk   -std=c++98 -o CMakeFiles/cmTC_e7e84.dir/feature_tests.cxx.o -c /Users/carvajal/Dropbox/Maestria/codigos/dft/freeparticle/CMakeFiles/feature_tests.cxx
Linking CXX executable cmTC_e7e84
/usr/local/Cellar/cmake/3.5.0/bin/cmake -E cmake_link_script CMakeFiles/cmTC_e7e84.dir/link.txt --verbose=1
/Applications/Xcode.app/Contents/Developer/Toolchains/XcodeDefault.xctoolchain/usr/bin/c++     -isysroot /Applications/Xcode.app/Contents/Developer/Platforms/MacOSX.platform/Developer/SDKs/MacOSX10.12.sdk -Wl,-search_paths_first -Wl,-headerpad_max_install_names   CMakeFiles/cmTC_e7e84.dir/feature_tests.cxx.o  -o cmTC_e7e84  


    Feature record: CXX_FEATURE:0cxx_aggregate_default_initializers
    Feature record: CXX_FEATURE:0cxx_alias_templates
    Feature record: CXX_FEATURE:0cxx_alignas
    Feature record: CXX_FEATURE:0cxx_alignof
    Feature record: CXX_FEATURE:0cxx_attributes
    Feature record: CXX_FEATURE:0cxx_attribute_deprecated
    Feature record: CXX_FEATURE:0cxx_auto_type
    Feature record: CXX_FEATURE:0cxx_binary_literals
    Feature record: CXX_FEATURE:0cxx_constexpr
    Feature record: CXX_FEATURE:0cxx_contextual_conversions
    Feature record: CXX_FEATURE:0cxx_decltype
    Feature record: CXX_FEATURE:0cxx_decltype_auto
    Feature record: CXX_FEATURE:0cxx_decltype_incomplete_return_types
    Feature record: CXX_FEATURE:0cxx_default_function_template_args
    Feature record: CXX_FEATURE:0cxx_defaulted_functions
    Feature record: CXX_FEATURE:0cxx_defaulted_move_initializers
    Feature record: CXX_FEATURE:0cxx_delegating_constructors
    Feature record: CXX_FEATURE:0cxx_deleted_functions
    Feature record: CXX_FEATURE:0cxx_digit_separators
    Feature record: CXX_FEATURE:0cxx_enum_forward_declarations
    Feature record: CXX_FEATURE:0cxx_explicit_conversions
    Feature record: CXX_FEATURE:0cxx_extended_friend_declarations
    Feature record: CXX_FEATURE:0cxx_extern_templates
    Feature record: CXX_FEATURE:0cxx_final
    Feature record: CXX_FEATURE:0cxx_func_identifier
    Feature record: CXX_FEATURE:0cxx_generalized_initializers
    Feature record: CXX_FEATURE:0cxx_generic_lambdas
    Feature record: CXX_FEATURE:0cxx_inheriting_constructors
    Feature record: CXX_FEATURE:0cxx_inline_namespaces
    Feature record: CXX_FEATURE:0cxx_lambdas
    Feature record: CXX_FEATURE:0cxx_lambda_init_captures
    Feature record: CXX_FEATURE:0cxx_local_type_template_args
    Feature record: CXX_FEATURE:0cxx_long_long_type
    Feature record: CXX_FEATURE:0cxx_noexcept
    Feature record: CXX_FEATURE:0cxx_nonstatic_member_init
    Feature record: CXX_FEATURE:0cxx_nullptr
    Feature record: CXX_FEATURE:0cxx_override
    Feature record: CXX_FEATURE:0cxx_range_for
    Feature record: CXX_FEATURE:0cxx_raw_string_literals
    Feature record: CXX_FEATURE:0cxx_reference_qualified_functions
    Feature record: CXX_FEATURE:0cxx_relaxed_constexpr
    Feature record: CXX_FEATURE:0cxx_return_type_deduction
    Feature record: CXX_FEATURE:0cxx_right_angle_brackets
    Feature record: CXX_FEATURE:0cxx_rvalue_references
    Feature record: CXX_FEATURE:0cxx_sizeof_member
    Feature record: CXX_FEATURE:0cxx_static_assert
    Feature record: CXX_FEATURE:0cxx_strong_enums
    Feature record: CXX_FEATURE:1cxx_template_template_parameters
    Feature record: CXX_FEATURE:0cxx_thread_local
    Feature record: CXX_FEATURE:0cxx_trailing_return_types
    Feature record: CXX_FEATURE:0cxx_unicode_literals
    Feature record: CXX_FEATURE:0cxx_uniform_initialization
    Feature record: CXX_FEATURE:0cxx_unrestricted_unions
    Feature record: CXX_FEATURE:0cxx_user_literals
    Feature record: CXX_FEATURE:0cxx_variable_templates
    Feature record: CXX_FEATURE:0cxx_variadic_macros
    Feature record: CXX_FEATURE:0cxx_variadic_templates
